2024-08-27T09:39:55.492+09:00  INFO 38619 --- [javabang] [restartedMain] c.dbjava.javabang.JavabangApplication    : Starting JavabangApplication using Java 17.0.12 with PID 38619 (/Users/jaewon/study/fullstack/javabang/build/classes/java/main started by jaewon in /Users/jaewon/study/fullstack/javabang)
2024-08-27T09:39:55.492+09:00 DEBUG 38619 --- [javabang] [restartedMain] c.dbjava.javabang.JavabangApplication    : Running with Spring Boot v3.3.3, Spring v6.1.12
2024-08-27T09:39:55.492+09:00  INFO 38619 --- [javabang] [restartedMain] c.dbjava.javabang.JavabangApplication    : No active profile set, falling back to 1 default profile: "default"
2024-08-27T09:39:55.544+09:00  INFO 38619 --- [javabang] [restartedMain] .s.d.r.c.RepositoryConfigurationDelegate : Bootstrapping Spring Data JPA repositories in DEFAULT mode.
2024-08-27T09:39:55.545+09:00  INFO 38619 --- [javabang] [restartedMain] .s.d.r.c.RepositoryConfigurationDelegate : Finished Spring Data repository scanning in 0 ms. Found 0 JPA repository interfaces.
2024-08-27T09:39:55.585+09:00  INFO 38619 --- [javabang] [restartedMain] o.s.b.w.embedded.tomcat.TomcatWebServer  : Tomcat initialized with port 8080 (http)
2024-08-27T09:39:55.585+09:00  INFO 38619 --- [javabang] [restartedMain] o.apache.catalina.core.StandardService   : Starting service [Tomcat]
2024-08-27T09:39:55.585+09:00  INFO 38619 --- [javabang] [restartedMain] o.apache.catalina.core.StandardEngine    : Starting Servlet engine: [Apache Tomcat/10.1.28]
2024-08-27T09:39:55.589+09:00  INFO 38619 --- [javabang] [restartedMain] o.a.c.c.C.[Tomcat].[localhost].[/]       : Initializing Spring embedded WebApplicationContext
2024-08-27T09:39:55.589+09:00  INFO 38619 --- [javabang] [restartedMain] w.s.c.ServletWebServerApplicationContext : Root WebApplicationContext: initialization completed in 97 ms
2024-08-27T09:39:55.605+09:00  INFO 38619 --- [javabang] [restartedMain] o.hibernate.jpa.internal.util.LogHelper  : HHH000204: Processing PersistenceUnitInfo [name: default]
2024-08-27T09:39:55.606+09:00  INFO 38619 --- [javabang] [restartedMain] o.h.c.internal.RegionFactoryInitiator    : HHH000026: Second-level cache disabled
2024-08-27T09:39:55.609+09:00  INFO 38619 --- [javabang] [restartedMain] o.s.o.j.p.SpringPersistenceUnitInfo      : No LoadTimeWeaver setup: ignoring JPA class transformer
2024-08-27T09:39:55.609+09:00  INFO 38619 --- [javabang] [restartedMain] com.zaxxer.hikari.HikariDataSource       : HikariPool-8 - Starting...
2024-08-27T09:39:55.614+09:00  INFO 38619 --- [javabang] [restartedMain] com.zaxxer.hikari.pool.HikariPool        : HikariPool-8 - Added connection com.mysql.cj.jdbc.ConnectionImpl@68bca8f0
2024-08-27T09:39:55.614+09:00  INFO 38619 --- [javabang] [restartedMain] com.zaxxer.hikari.HikariDataSource       : HikariPool-8 - Start completed.
2024-08-27T09:39:55.615+09:00  WARN 38619 --- [javabang] [restartedMain] org.hibernate.orm.deprecation            : HHH90000025: MySQL8Dialect does not need to be specified explicitly using 'hibernate.dialect' (remove the property setting and it will be selected by default)
2024-08-27T09:39:55.615+09:00  WARN 38619 --- [javabang] [restartedMain] org.hibernate.orm.deprecation            : HHH90000026: MySQL8Dialect has been deprecated; use org.hibernate.dialect.MySQLDialect instead
2024-08-27T09:39:55.621+09:00  INFO 38619 --- [javabang] [restartedMain] o.h.e.t.j.p.i.JtaPlatformInitiator       : HHH000489: No JTA platform available (set 'hibernate.transaction.jta.platform' to enable JTA platform integration)
2024-08-27T09:39:55.621+09:00  INFO 38619 --- [javabang] [restartedMain] j.LocalContainerEntityManagerFactoryBean : Initialized JPA EntityManagerFactory for persistence unit 'default'
2024-08-27T09:39:55.629+09:00  WARN 38619 --- [javabang] [restartedMain] JpaBaseConfiguration$JpaWebConfiguration : spring.jpa.open-in-view is enabled by default. Therefore, database queries may be performed during view rendering. Explicitly configure spring.jpa.open-in-view to disable this warning
2024-08-27T09:39:55.725+09:00  INFO 38619 --- [javabang] [restartedMain] r$InitializeUserDetailsManagerConfigurer : Global AuthenticationManager configured with UserDetailsService bean with name userDetailsService
2024-08-27T09:39:55.792+09:00  INFO 38619 --- [javabang] [restartedMain] o.s.b.d.a.OptionalLiveReloadServer       : LiveReload server is running on port 35729
2024-08-27T09:39:55.799+09:00  INFO 38619 --- [javabang] [restartedMain] o.s.b.w.embedded.tomcat.TomcatWebServer  : Tomcat started on port 8080 (http) with context path '/'
2024-08-27T09:39:55.801+09:00  INFO 38619 --- [javabang] [restartedMain] c.dbjava.javabang.JavabangApplication    : Started JavabangApplication in 0.328 seconds (process running for 873.587)
2024-08-27T09:39:55.802+09:00  INFO 38619 --- [javabang] [restartedMain] .ConditionEvaluationDeltaLoggingListener : Condition evaluation unchanged
2024-08-27T09:41:10.889+09:00  INFO 38619 --- [javabang] [File Watcher] rtingClassPathChangeChangedEventListener : Restarting due to 1 class path change (1 addition, 0 deletions, 0 modifications)
2024-08-27T09:41:10.896+09:00  INFO 38619 --- [javabang] [Thread-31] j.LocalContainerEntityManagerFactoryBean : Closing JPA EntityManagerFactory for persistence unit 'default'
2024-08-27T09:41:10.897+09:00  INFO 38619 --- [javabang] [Thread-31] com.zaxxer.hikari.HikariDataSource       : HikariPool-8 - Shutdown initiated...
2024-08-27T09:41:10.898+09:00  INFO 38619 --- [javabang] [Thread-31] com.zaxxer.hikari.HikariDataSource       : HikariPool-8 - Shutdown completed.
2024-08-27T09:41:10.946+09:00  INFO 38619 --- [javabang] [restartedMain] c.dbjava.javabang.JavabangApplication    : Starting JavabangApplication using Java 17.0.12 with PID 38619 (/Users/jaewon/study/fullstack/javabang/build/classes/java/main started by jaewon in /Users/jaewon/study/fullstack/javabang)
2024-08-27T09:41:10.946+09:00 DEBUG 38619 --- [javabang] [restartedMain] c.dbjava.javabang.JavabangApplication    : Running with Spring Boot v3.3.3, Spring v6.1.12
2024-08-27T09:41:10.946+09:00  INFO 38619 --- [javabang] [restartedMain] c.dbjava.javabang.JavabangApplication    : No active profile set, falling back to 1 default profile: "default"
2024-08-27T09:41:11.000+09:00  INFO 38619 --- [javabang] [restartedMain] .s.d.r.c.RepositoryConfigurationDelegate : Bootstrapping Spring Data JPA repositories in DEFAULT mode.
2024-08-27T09:41:11.000+09:00  INFO 38619 --- [javabang] [restartedMain] .s.d.r.c.RepositoryConfigurationDelegate : Finished Spring Data repository scanning in 0 ms. Found 0 JPA repository interfaces.
2024-08-27T09:41:11.040+09:00  INFO 38619 --- [javabang] [restartedMain] o.s.b.w.embedded.tomcat.TomcatWebServer  : Tomcat initialized with port 8080 (http)
2024-08-27T09:41:11.040+09:00  INFO 38619 --- [javabang] [restartedMain] o.apache.catalina.core.StandardService   : Starting service [Tomcat]
2024-08-27T09:41:11.040+09:00  INFO 38619 --- [javabang] [restartedMain] o.apache.catalina.core.StandardEngine    : Starting Servlet engine: [Apache Tomcat/10.1.28]
2024-08-27T09:41:11.044+09:00  INFO 38619 --- [javabang] [restartedMain] o.a.c.c.C.[Tomcat].[localhost].[/]       : Initializing Spring embedded WebApplicationContext
2024-08-27T09:41:11.044+09:00  INFO 38619 --- [javabang] [restartedMain] w.s.c.ServletWebServerApplicationContext : Root WebApplicationContext: initialization completed in 97 ms
2024-08-27T09:41:11.061+09:00  INFO 38619 --- [javabang] [restartedMain] o.hibernate.jpa.internal.util.LogHelper  : HHH000204: Processing PersistenceUnitInfo [name: default]
2024-08-27T09:41:11.062+09:00  INFO 38619 --- [javabang] [restartedMain] o.h.c.internal.RegionFactoryInitiator    : HHH000026: Second-level cache disabled
2024-08-27T09:41:11.064+09:00  INFO 38619 --- [javabang] [restartedMain] o.s.o.j.p.SpringPersistenceUnitInfo      : No LoadTimeWeaver setup: ignoring JPA class transformer
2024-08-27T09:41:11.065+09:00  INFO 38619 --- [javabang] [restartedMain] com.zaxxer.hikari.HikariDataSource       : HikariPool-9 - Starting...
2024-08-27T09:41:11.068+09:00  INFO 38619 --- [javabang] [restartedMain] com.zaxxer.hikari.pool.HikariPool        : HikariPool-9 - Added connection com.mysql.cj.jdbc.ConnectionImpl@7ad15610
2024-08-27T09:41:11.068+09:00  INFO 38619 --- [javabang] [restartedMain] com.zaxxer.hikari.HikariDataSource       : HikariPool-9 - Start completed.
2024-08-27T09:41:11.068+09:00  WARN 38619 --- [javabang] [restartedMain] org.hibernate.orm.deprecation            : HHH90000025: MySQL8Dialect does not need to be specified explicitly using 'hibernate.dialect' (remove the property setting and it will be selected by default)
2024-08-27T09:41:11.068+09:00  WARN 38619 --- [javabang] [restartedMain] org.hibernate.orm.deprecation            : HHH90000026: MySQL8Dialect has been deprecated; use org.hibernate.dialect.MySQLDialect instead
2024-08-27T09:41:11.074+09:00  INFO 38619 --- [javabang] [restartedMain] o.h.e.t.j.p.i.JtaPlatformInitiator       : HHH000489: No JTA platform available (set 'hibernate.transaction.jta.platform' to enable JTA platform integration)
2024-08-27T09:41:11.074+09:00  INFO 38619 --- [javabang] [restartedMain] j.LocalContainerEntityManagerFactoryBean : Initialized JPA EntityManagerFactory for persistence unit 'default'
2024-08-27T09:41:11.082+09:00  WARN 38619 --- [javabang] [restartedMain] JpaBaseConfiguration$JpaWebConfiguration : spring.jpa.open-in-view is enabled by default. Therefore, database queries may be performed during view rendering. Explicitly configure spring.jpa.open-in-view to disable this warning
2024-08-27T09:41:11.176+09:00  INFO 38619 --- [javabang] [restartedMain] r$InitializeUserDetailsManagerConfigurer : Global AuthenticationManager configured with UserDetailsService bean with name userDetailsService
2024-08-27T09:41:11.242+09:00  INFO 38619 --- [javabang] [restartedMain] o.s.b.d.a.OptionalLiveReloadServer       : LiveReload server is running on port 35729
2024-08-27T09:41:11.248+09:00  INFO 38619 --- [javabang] [restartedMain] o.s.b.w.embedded.tomcat.TomcatWebServer  : Tomcat started on port 8080 (http) with context path '/'
2024-08-27T09:41:11.250+09:00  INFO 38619 --- [javabang] [restartedMain] c.dbjava.javabang.JavabangApplication    : Started JavabangApplication in 0.314 seconds (process running for 949.036)
2024-08-27T09:41:11.251+09:00  INFO 38619 --- [javabang] [restartedMain] .ConditionEvaluationDeltaLoggingListener : Condition evaluation unchanged
2024-08-27T09:41:20.717+09:00  INFO 38619 --- [javabang] [File Watcher] rtingClassPathChangeChangedEventListener : Restarting due to 1 class path change (0 additions, 0 deletions, 1 modification)
2024-08-27T09:41:20.719+09:00  INFO 38619 --- [javabang] [Thread-35] j.LocalContainerEntityManagerFactoryBean : Closing JPA EntityManagerFactory for persistence unit 'default'
2024-08-27T09:41:20.720+09:00  INFO 38619 --- [javabang] [Thread-35] com.zaxxer.hikari.HikariDataSource       : HikariPool-9 - Shutdown initiated...
2024-08-27T09:41:20.720+09:00  INFO 38619 --- [javabang] [Thread-35] com.zaxxer.hikari.HikariDataSource       : HikariPool-9 - Shutdown completed.
2024-08-27T09:41:20.754+09:00  INFO 38619 --- [javabang] [restartedMain] c.dbjava.javabang.JavabangApplication    : Starting JavabangApplication using Java 17.0.12 with PID 38619 (/Users/jaewon/study/fullstack/javabang/build/classes/java/main started by jaewon in /Users/jaewon/study/fullstack/javabang)
2024-08-27T09:41:20.754+09:00 DEBUG 38619 --- [javabang] [restartedMain] c.dbjava.javabang.JavabangApplication    : Running with Spring Boot v3.3.3, Spring v6.1.12
2024-08-27T09:41:20.754+09:00  INFO 38619 --- [javabang] [restartedMain] c.dbjava.javabang.JavabangApplication    : No active profile set, falling back to 1 default profile: "default"
2024-08-27T09:41:20.801+09:00  INFO 38619 --- [javabang] [restartedMain] .s.d.r.c.RepositoryConfigurationDelegate : Bootstrapping Spring Data JPA repositories in DEFAULT mode.
2024-08-27T09:41:20.802+09:00  INFO 38619 --- [javabang] [restartedMain] .s.d.r.c.RepositoryConfigurationDelegate : Finished Spring Data repository scanning in 0 ms. Found 0 JPA repository interfaces.
2024-08-27T09:41:20.839+09:00  INFO 38619 --- [javabang] [restartedMain] o.s.b.w.embedded.tomcat.TomcatWebServer  : Tomcat initialized with port 8080 (http)
2024-08-27T09:41:20.839+09:00  INFO 38619 --- [javabang] [restartedMain] o.apache.catalina.core.StandardService   : Starting service [Tomcat]
2024-08-27T09:41:20.839+09:00  INFO 38619 --- [javabang] [restartedMain] o.apache.catalina.core.StandardEngine    : Starting Servlet engine: [Apache Tomcat/10.1.28]
2024-08-27T09:41:20.843+09:00  INFO 38619 --- [javabang] [restartedMain] o.a.c.c.C.[Tomcat].[localhost].[/]       : Initializing Spring embedded WebApplicationContext
2024-08-27T09:41:20.843+09:00  INFO 38619 --- [javabang] [restartedMain] w.s.c.ServletWebServerApplicationContext : Root WebApplicationContext: initialization completed in 88 ms
2024-08-27T09:41:20.859+09:00  INFO 38619 --- [javabang] [restartedMain] o.hibernate.jpa.internal.util.LogHelper  : HHH000204: Processing PersistenceUnitInfo [name: default]
2024-08-27T09:41:20.860+09:00  INFO 38619 --- [javabang] [restartedMain] o.h.c.internal.RegionFactoryInitiator    : HHH000026: Second-level cache disabled
2024-08-27T09:41:20.862+09:00  INFO 38619 --- [javabang] [restartedMain] o.s.o.j.p.SpringPersistenceUnitInfo      : No LoadTimeWeaver setup: ignoring JPA class transformer
2024-08-27T09:41:20.862+09:00  INFO 38619 --- [javabang] [restartedMain] com.zaxxer.hikari.HikariDataSource       : HikariPool-10 - Starting...
2024-08-27T09:41:20.865+09:00  INFO 38619 --- [javabang] [restartedMain] com.zaxxer.hikari.pool.HikariPool        : HikariPool-10 - Added connection com.mysql.cj.jdbc.ConnectionImpl@1d766918
2024-08-27T09:41:20.865+09:00  INFO 38619 --- [javabang] [restartedMain] com.zaxxer.hikari.HikariDataSource       : HikariPool-10 - Start completed.
2024-08-27T09:41:20.866+09:00  WARN 38619 --- [javabang] [restartedMain] org.hibernate.orm.deprecation            : HHH90000025: MySQL8Dialect does not need to be specified explicitly using 'hibernate.dialect' (remove the property setting and it will be selected by default)
2024-08-27T09:41:20.866+09:00  WARN 38619 --- [javabang] [restartedMain] org.hibernate.orm.deprecation            : HHH90000026: MySQL8Dialect has been deprecated; use org.hibernate.dialect.MySQLDialect instead
2024-08-27T09:41:20.871+09:00  INFO 38619 --- [javabang] [restartedMain] o.h.e.t.j.p.i.JtaPlatformInitiator       : HHH000489: No JTA platform available (set 'hibernate.transaction.jta.platform' to enable JTA platform integration)
2024-08-27T09:41:20.871+09:00  INFO 38619 --- [javabang] [restartedMain] j.LocalContainerEntityManagerFactoryBean : Initialized JPA EntityManagerFactory for persistence unit 'default'
2024-08-27T09:41:20.879+09:00  WARN 38619 --- [javabang] [restartedMain] JpaBaseConfiguration$JpaWebConfiguration : spring.jpa.open-in-view is enabled by default. Therefore, database queries may be performed during view rendering. Explicitly configure spring.jpa.open-in-view to disable this warning
2024-08-27T09:41:20.975+09:00  INFO 38619 --- [javabang] [restartedMain] r$InitializeUserDetailsManagerConfigurer : Global AuthenticationManager configured with UserDetailsService bean with name userDetailsService
2024-08-27T09:41:21.041+09:00  INFO 38619 --- [javabang] [restartedMain] o.s.b.d.a.OptionalLiveReloadServer       : LiveReload server is running on port 35729
2024-08-27T09:41:21.047+09:00  INFO 38619 --- [javabang] [restartedMain] o.s.b.w.embedded.tomcat.TomcatWebServer  : Tomcat started on port 8080 (http) with context path '/'
2024-08-27T09:41:21.049+09:00  INFO 38619 --- [javabang] [restartedMain] c.dbjava.javabang.JavabangApplication    : Started JavabangApplication in 0.304 seconds (process running for 958.835)
2024-08-27T09:41:21.050+09:00  INFO 38619 --- [javabang] [restartedMain] .ConditionEvaluationDeltaLoggingListener : Condition evaluation unchanged
2024-08-27T09:41:44.646+09:00  INFO 38619 --- [javabang] [File Watcher] rtingClassPathChangeChangedEventListener : Restarting due to 1 class path change (0 additions, 0 deletions, 1 modification)
2024-08-27T09:41:44.651+09:00  INFO 38619 --- [javabang] [Thread-39] j.LocalContainerEntityManagerFactoryBean : Closing JPA EntityManagerFactory for persistence unit 'default'
2024-08-27T09:41:44.651+09:00  INFO 38619 --- [javabang] [Thread-39] com.zaxxer.hikari.HikariDataSource       : HikariPool-10 - Shutdown initiated...
2024-08-27T09:41:44.651+09:00  INFO 38619 --- [javabang] [Thread-39] com.zaxxer.hikari.HikariDataSource       : HikariPool-10 - Shutdown completed.
2024-08-27T09:41:44.693+09:00  INFO 38619 --- [javabang] [restartedMain] c.dbjava.javabang.JavabangApplication    : Starting JavabangApplication using Java 17.0.12 with PID 38619 (/Users/jaewon/study/fullstack/javabang/build/classes/java/main started by jaewon in /Users/jaewon/study/fullstack/javabang)
2024-08-27T09:41:44.693+09:00 DEBUG 38619 --- [javabang] [restartedMain] c.dbjava.javabang.JavabangApplication    : Running with Spring Boot v3.3.3, Spring v6.1.12
2024-08-27T09:41:44.693+09:00  INFO 38619 --- [javabang] [restartedMain] c.dbjava.javabang.JavabangApplication    : No active profile set, falling back to 1 default profile: "default"
2024-08-27T09:41:44.740+09:00  INFO 38619 --- [javabang] [restartedMain] .s.d.r.c.RepositoryConfigurationDelegate : Bootstrapping Spring Data JPA repositories in DEFAULT mode.
2024-08-27T09:41:44.741+09:00  INFO 38619 --- [javabang] [restartedMain] .s.d.r.c.RepositoryConfigurationDelegate : Finished Spring Data repository scanning in 0 ms. Found 0 JPA repository interfaces.
2024-08-27T09:41:44.777+09:00  INFO 38619 --- [javabang] [restartedMain] o.s.b.w.embedded.tomcat.TomcatWebServer  : Tomcat initialized with port 8080 (http)
2024-08-27T09:41:44.777+09:00  INFO 38619 --- [javabang] [restartedMain] o.apache.catalina.core.StandardService   : Starting service [Tomcat]
2024-08-27T09:41:44.777+09:00  INFO 38619 --- [javabang] [restartedMain] o.apache.catalina.core.StandardEngine    : Starting Servlet engine: [Apache Tomcat/10.1.28]
2024-08-27T09:41:44.781+09:00  INFO 38619 --- [javabang] [restartedMain] o.a.c.c.C.[Tomcat].[localhost].[/]       : Initializing Spring embedded WebApplicationContext
2024-08-27T09:41:44.781+09:00  INFO 38619 --- [javabang] [restartedMain] w.s.c.ServletWebServerApplicationContext : Root WebApplicationContext: initialization completed in 88 ms
2024-08-27T09:41:44.797+09:00  INFO 38619 --- [javabang] [restartedMain] o.hibernate.jpa.internal.util.LogHelper  : HHH000204: Processing PersistenceUnitInfo [name: default]
2024-08-27T09:41:44.797+09:00  INFO 38619 --- [javabang] [restartedMain] o.h.c.internal.RegionFactoryInitiator    : HHH000026: Second-level cache disabled
2024-08-27T09:41:44.800+09:00  INFO 38619 --- [javabang] [restartedMain] o.s.o.j.p.SpringPersistenceUnitInfo      : No LoadTimeWeaver setup: ignoring JPA class transformer
2024-08-27T09:41:44.800+09:00  INFO 38619 --- [javabang] [restartedMain] com.zaxxer.hikari.HikariDataSource       : HikariPool-11 - Starting...
2024-08-27T09:41:44.803+09:00  INFO 38619 --- [javabang] [restartedMain] com.zaxxer.hikari.pool.HikariPool        : HikariPool-11 - Added connection com.mysql.cj.jdbc.ConnectionImpl@20e98964
2024-08-27T09:41:44.803+09:00  INFO 38619 --- [javabang] [restartedMain] com.zaxxer.hikari.HikariDataSource       : HikariPool-11 - Start completed.
2024-08-27T09:41:44.804+09:00  WARN 38619 --- [javabang] [restartedMain] org.hibernate.orm.deprecation            : HHH90000025: MySQL8Dialect does not need to be specified explicitly using 'hibernate.dialect' (remove the property setting and it will be selected by default)
2024-08-27T09:41:44.804+09:00  WARN 38619 --- [javabang] [restartedMain] org.hibernate.orm.deprecation            : HHH90000026: MySQL8Dialect has been deprecated; use org.hibernate.dialect.MySQLDialect instead
2024-08-27T09:41:44.809+09:00  INFO 38619 --- [javabang] [restartedMain] o.h.e.t.j.p.i.JtaPlatformInitiator       : HHH000489: No JTA platform available (set 'hibernate.transaction.jta.platform' to enable JTA platform integration)
2024-08-27T09:41:44.809+09:00  INFO 38619 --- [javabang] [restartedMain] j.LocalContainerEntityManagerFactoryBean : Initialized JPA EntityManagerFactory for persistence unit 'default'
2024-08-27T09:41:44.818+09:00  WARN 38619 --- [javabang] [restartedMain] JpaBaseConfiguration$JpaWebConfiguration : spring.jpa.open-in-view is enabled by default. Therefore, database queries may be performed during view rendering. Explicitly configure spring.jpa.open-in-view to disable this warning
2024-08-27T09:41:44.913+09:00  INFO 38619 --- [javabang] [restartedMain] r$InitializeUserDetailsManagerConfigurer : Global AuthenticationManager configured with UserDetailsService bean with name userDetailsService
2024-08-27T09:41:44.982+09:00  INFO 38619 --- [javabang] [restartedMain] o.s.b.d.a.OptionalLiveReloadServer       : LiveReload server is running on port 35729
2024-08-27T09:41:44.988+09:00  INFO 38619 --- [javabang] [restartedMain] o.s.b.w.embedded.tomcat.TomcatWebServer  : Tomcat started on port 8080 (http) with context path '/'
2024-08-27T09:41:44.990+09:00  INFO 38619 --- [javabang] [restartedMain] c.dbjava.javabang.JavabangApplication    : Started JavabangApplication in 0.306 seconds (process running for 982.776)
2024-08-27T09:41:44.991+09:00  INFO 38619 --- [javabang] [restartedMain] .ConditionEvaluationDeltaLoggingListener : Condition evaluation unchanged
2024-08-27T09:42:54.956+09:00  INFO 38619 --- [javabang] [File Watcher] rtingClassPathChangeChangedEventListener : Restarting due to 1 class path change (1 addition, 0 deletions, 0 modifications)
2024-08-27T09:42:54.965+09:00  INFO 38619 --- [javabang] [Thread-43] j.LocalContainerEntityManagerFactoryBean : Closing JPA EntityManagerFactory for persistence unit 'default'
2024-08-27T09:42:54.965+09:00  INFO 38619 --- [javabang] [Thread-43] com.zaxxer.hikari.HikariDataSource       : HikariPool-11 - Shutdown initiated...
2024-08-27T09:42:54.967+09:00  INFO 38619 --- [javabang] [Thread-43] com.zaxxer.hikari.HikariDataSource       : HikariPool-11 - Shutdown completed.
2024-08-27T09:42:55.016+09:00  INFO 38619 --- [javabang] [restartedMain] c.dbjava.javabang.JavabangApplication    : Starting JavabangApplication using Java 17.0.12 with PID 38619 (/Users/jaewon/study/fullstack/javabang/build/classes/java/main started by jaewon in /Users/jaewon/study/fullstack/javabang)
2024-08-27T09:42:55.016+09:00 DEBUG 38619 --- [javabang] [restartedMain] c.dbjava.javabang.JavabangApplication    : Running with Spring Boot v3.3.3, Spring v6.1.12
2024-08-27T09:42:55.016+09:00  INFO 38619 --- [javabang] [restartedMain] c.dbjava.javabang.JavabangApplication    : No active profile set, falling back to 1 default profile: "default"
2024-08-27T09:42:55.068+09:00  INFO 38619 --- [javabang] [restartedMain] .s.d.r.c.RepositoryConfigurationDelegate : Bootstrapping Spring Data JPA repositories in DEFAULT mode.
2024-08-27T09:42:55.069+09:00  INFO 38619 --- [javabang] [restartedMain] .s.d.r.c.RepositoryConfigurationDelegate : Finished Spring Data repository scanning in 0 ms. Found 0 JPA repository interfaces.
2024-08-27T09:42:55.109+09:00  INFO 38619 --- [javabang] [restartedMain] o.s.b.w.embedded.tomcat.TomcatWebServer  : Tomcat initialized with port 8080 (http)
2024-08-27T09:42:55.109+09:00  INFO 38619 --- [javabang] [restartedMain] o.apache.catalina.core.StandardService   : Starting service [Tomcat]
2024-08-27T09:42:55.109+09:00  INFO 38619 --- [javabang] [restartedMain] o.apache.catalina.core.StandardEngine    : Starting Servlet engine: [Apache Tomcat/10.1.28]
2024-08-27T09:42:55.113+09:00  INFO 38619 --- [javabang] [restartedMain] o.a.c.c.C.[Tomcat].[localhost].[/]       : Initializing Spring embedded WebApplicationContext
2024-08-27T09:42:55.113+09:00  INFO 38619 --- [javabang] [restartedMain] w.s.c.ServletWebServerApplicationContext : Root WebApplicationContext: initialization completed in 96 ms
2024-08-27T09:42:55.130+09:00  INFO 38619 --- [javabang] [restartedMain] o.hibernate.jpa.internal.util.LogHelper  : HHH000204: Processing PersistenceUnitInfo [name: default]
2024-08-27T09:42:55.131+09:00  INFO 38619 --- [javabang] [restartedMain] o.h.c.internal.RegionFactoryInitiator    : HHH000026: Second-level cache disabled
2024-08-27T09:42:55.134+09:00  INFO 38619 --- [javabang] [restartedMain] o.s.o.j.p.SpringPersistenceUnitInfo      : No LoadTimeWeaver setup: ignoring JPA class transformer
2024-08-27T09:42:55.134+09:00  INFO 38619 --- [javabang] [restartedMain] com.zaxxer.hikari.HikariDataSource       : HikariPool-12 - Starting...
2024-08-27T09:42:55.137+09:00  INFO 38619 --- [javabang] [restartedMain] com.zaxxer.hikari.pool.HikariPool        : HikariPool-12 - Added connection com.mysql.cj.jdbc.ConnectionImpl@2596967b
2024-08-27T09:42:55.137+09:00  INFO 38619 --- [javabang] [restartedMain] com.zaxxer.hikari.HikariDataSource       : HikariPool-12 - Start completed.
2024-08-27T09:42:55.138+09:00  WARN 38619 --- [javabang] [restartedMain] org.hibernate.orm.deprecation            : HHH90000025: MySQL8Dialect does not need to be specified explicitly using 'hibernate.dialect' (remove the property setting and it will be selected by default)
2024-08-27T09:42:55.138+09:00  WARN 38619 --- [javabang] [restartedMain] org.hibernate.orm.deprecation            : HHH90000026: MySQL8Dialect has been deprecated; use org.hibernate.dialect.MySQLDialect instead
2024-08-27T09:42:55.143+09:00  INFO 38619 --- [javabang] [restartedMain] o.h.e.t.j.p.i.JtaPlatformInitiator       : HHH000489: No JTA platform available (set 'hibernate.transaction.jta.platform' to enable JTA platform integration)
2024-08-27T09:42:55.143+09:00  INFO 38619 --- [javabang] [restartedMain] j.LocalContainerEntityManagerFactoryBean : Initialized JPA EntityManagerFactory for persistence unit 'default'
2024-08-27T09:42:55.152+09:00  WARN 38619 --- [javabang] [restartedMain] JpaBaseConfiguration$JpaWebConfiguration : spring.jpa.open-in-view is enabled by default. Therefore, database queries may be performed during view rendering. Explicitly configure spring.jpa.open-in-view to disable this warning
2024-08-27T09:42:55.248+09:00  INFO 38619 --- [javabang] [restartedMain] r$InitializeUserDetailsManagerConfigurer : Global AuthenticationManager configured with UserDetailsService bean with name userDetailsService
2024-08-27T09:42:55.315+09:00  INFO 38619 --- [javabang] [restartedMain] o.s.b.d.a.OptionalLiveReloadServer       : LiveReload server is running on port 35729
2024-08-27T09:42:55.321+09:00  INFO 38619 --- [javabang] [restartedMain] o.s.b.w.embedded.tomcat.TomcatWebServer  : Tomcat started on port 8080 (http) with context path '/'
2024-08-27T09:42:55.323+09:00  INFO 38619 --- [javabang] [restartedMain] c.dbjava.javabang.JavabangApplication    : Started JavabangApplication in 0.316 seconds (process running for 1053.109)
2024-08-27T09:42:55.324+09:00  INFO 38619 --- [javabang] [restartedMain] .ConditionEvaluationDeltaLoggingListener : Condition evaluation unchanged
2024-08-27T09:44:51.110+09:00  INFO 38619 --- [javabang] [File Watcher] rtingClassPathChangeChangedEventListener : Restarting due to 4 class path changes (0 additions, 0 deletions, 4 modifications)
2024-08-27T09:44:51.113+09:00  INFO 38619 --- [javabang] [Thread-47] j.LocalContainerEntityManagerFactoryBean : Closing JPA EntityManagerFactory for persistence unit 'default'
2024-08-27T09:44:51.113+09:00  INFO 38619 --- [javabang] [Thread-47] com.zaxxer.hikari.HikariDataSource       : HikariPool-12 - Shutdown initiated...
2024-08-27T09:44:51.114+09:00  INFO 38619 --- [javabang] [Thread-47] com.zaxxer.hikari.HikariDataSource       : HikariPool-12 - Shutdown completed.
2024-08-27T09:44:51.156+09:00  INFO 38619 --- [javabang] [restartedMain] c.dbjava.javabang.JavabangApplication    : Starting JavabangApplication using Java 17.0.12 with PID 38619 (/Users/jaewon/study/fullstack/javabang/build/classes/java/main started by jaewon in /Users/jaewon/study/fullstack/javabang)
2024-08-27T09:44:51.156+09:00 DEBUG 38619 --- [javabang] [restartedMain] c.dbjava.javabang.JavabangApplication    : Running with Spring Boot v3.3.3, Spring v6.1.12
2024-08-27T09:44:51.156+09:00  INFO 38619 --- [javabang] [restartedMain] c.dbjava.javabang.JavabangApplication    : No active profile set, falling back to 1 default profile: "default"
2024-08-27T09:44:51.209+09:00  INFO 38619 --- [javabang] [restartedMain] .s.d.r.c.RepositoryConfigurationDelegate : Bootstrapping Spring Data JPA repositories in DEFAULT mode.
2024-08-27T09:44:51.210+09:00  INFO 38619 --- [javabang] [restartedMain] .s.d.r.c.RepositoryConfigurationDelegate : Finished Spring Data repository scanning in 0 ms. Found 0 JPA repository interfaces.
2024-08-27T09:44:51.250+09:00  INFO 38619 --- [javabang] [restartedMain] o.s.b.w.embedded.tomcat.TomcatWebServer  : Tomcat initialized with port 8080 (http)
2024-08-27T09:44:51.251+09:00  INFO 38619 --- [javabang] [restartedMain] o.apache.catalina.core.StandardService   : Starting service [Tomcat]
2024-08-27T09:44:51.251+09:00  INFO 38619 --- [javabang] [restartedMain] o.apache.catalina.core.StandardEngine    : Starting Servlet engine: [Apache Tomcat/10.1.28]
2024-08-27T09:44:51.255+09:00  INFO 38619 --- [javabang] [restartedMain] o.a.c.c.C.[Tomcat].[localhost].[/]       : Initializing Spring embedded WebApplicationContext
2024-08-27T09:44:51.255+09:00  INFO 38619 --- [javabang] [restartedMain] w.s.c.ServletWebServerApplicationContext : Root WebApplicationContext: initialization completed in 98 ms
2024-08-27T09:44:51.273+09:00  INFO 38619 --- [javabang] [restartedMain] o.hibernate.jpa.internal.util.LogHelper  : HHH000204: Processing PersistenceUnitInfo [name: default]
2024-08-27T09:44:51.274+09:00  INFO 38619 --- [javabang] [restartedMain] o.h.c.internal.RegionFactoryInitiator    : HHH000026: Second-level cache disabled
2024-08-27T09:44:51.276+09:00  INFO 38619 --- [javabang] [restartedMain] o.s.o.j.p.SpringPersistenceUnitInfo      : No LoadTimeWeaver setup: ignoring JPA class transformer
2024-08-27T09:44:51.277+09:00  INFO 38619 --- [javabang] [restartedMain] com.zaxxer.hikari.HikariDataSource       : HikariPool-13 - Starting...
2024-08-27T09:44:51.280+09:00  INFO 38619 --- [javabang] [restartedMain] com.zaxxer.hikari.pool.HikariPool        : HikariPool-13 - Added connection com.mysql.cj.jdbc.ConnectionImpl@55de579a
2024-08-27T09:44:51.280+09:00  INFO 38619 --- [javabang] [restartedMain] com.zaxxer.hikari.HikariDataSource       : HikariPool-13 - Start completed.
2024-08-27T09:44:51.280+09:00  WARN 38619 --- [javabang] [restartedMain] org.hibernate.orm.deprecation            : HHH90000025: MySQL8Dialect does not need to be specified explicitly using 'hibernate.dialect' (remove the property setting and it will be selected by default)
2024-08-27T09:44:51.280+09:00  WARN 38619 --- [javabang] [restartedMain] org.hibernate.orm.deprecation            : HHH90000026: MySQL8Dialect has been deprecated; use org.hibernate.dialect.MySQLDialect instead
2024-08-27T09:44:51.286+09:00  INFO 38619 --- [javabang] [restartedMain] o.h.e.t.j.p.i.JtaPlatformInitiator       : HHH000489: No JTA platform available (set 'hibernate.transaction.jta.platform' to enable JTA platform integration)
2024-08-27T09:44:51.286+09:00  INFO 38619 --- [javabang] [restartedMain] j.LocalContainerEntityManagerFactoryBean : Initialized JPA EntityManagerFactory for persistence unit 'default'
2024-08-27T09:44:51.295+09:00  WARN 38619 --- [javabang] [restartedMain] JpaBaseConfiguration$JpaWebConfiguration : spring.jpa.open-in-view is enabled by default. Therefore, database queries may be performed during view rendering. Explicitly configure spring.jpa.open-in-view to disable this warning
2024-08-27T09:44:51.393+09:00  INFO 38619 --- [javabang] [restartedMain] r$InitializeUserDetailsManagerConfigurer : Global AuthenticationManager configured with UserDetailsService bean with name userDetailsService
2024-08-27T09:44:51.457+09:00  INFO 38619 --- [javabang] [restartedMain] o.s.b.d.a.OptionalLiveReloadServer       : LiveReload server is running on port 35729
2024-08-27T09:44:51.463+09:00  INFO 38619 --- [javabang] [restartedMain] o.s.b.w.embedded.tomcat.TomcatWebServer  : Tomcat started on port 8080 (http) with context path '/'
2024-08-27T09:44:51.466+09:00  INFO 38619 --- [javabang] [restartedMain] c.dbjava.javabang.JavabangApplication    : Started JavabangApplication in 0.319 seconds (process running for 1169.252)
2024-08-27T09:44:51.466+09:00  INFO 38619 --- [javabang] [restartedMain] .ConditionEvaluationDeltaLoggingListener : Condition evaluation unchanged
2024-08-27T09:45:22.122+09:00  INFO 38619 --- [javabang] [File Watcher] rtingClassPathChangeChangedEventListener : Restarting due to 4 class path changes (0 additions, 0 deletions, 4 modifications)
2024-08-27T09:45:22.125+09:00  INFO 38619 --- [javabang] [Thread-51] j.LocalContainerEntityManagerFactoryBean : Closing JPA EntityManagerFactory for persistence unit 'default'
2024-08-27T09:45:22.125+09:00  INFO 38619 --- [javabang] [Thread-51] com.zaxxer.hikari.HikariDataSource       : HikariPool-13 - Shutdown initiated...
2024-08-27T09:45:22.126+09:00  INFO 38619 --- [javabang] [Thread-51] com.zaxxer.hikari.HikariDataSource       : HikariPool-13 - Shutdown completed.
2024-08-27T09:45:22.163+09:00  INFO 38619 --- [javabang] [restartedMain] c.dbjava.javabang.JavabangApplication    : Starting JavabangApplication using Java 17.0.12 with PID 38619 (/Users/jaewon/study/fullstack/javabang/build/classes/java/main started by jaewon in /Users/jaewon/study/fullstack/javabang)
2024-08-27T09:45:22.163+09:00 DEBUG 38619 --- [javabang] [restartedMain] c.dbjava.javabang.JavabangApplication    : Running with Spring Boot v3.3.3, Spring v6.1.12
2024-08-27T09:45:22.163+09:00  INFO 38619 --- [javabang] [restartedMain] c.dbjava.javabang.JavabangApplication    : No active profile set, falling back to 1 default profile: "default"
2024-08-27T09:45:22.214+09:00  INFO 38619 --- [javabang] [restartedMain] .s.d.r.c.RepositoryConfigurationDelegate : Bootstrapping Spring Data JPA repositories in DEFAULT mode.
2024-08-27T09:45:22.215+09:00  INFO 38619 --- [javabang] [restartedMain] .s.d.r.c.RepositoryConfigurationDelegate : Finished Spring Data repository scanning in 0 ms. Found 0 JPA repository interfaces.
2024-08-27T09:45:22.254+09:00  INFO 38619 --- [javabang] [restartedMain] o.s.b.w.embedded.tomcat.TomcatWebServer  : Tomcat initialized with port 8080 (http)
2024-08-27T09:45:22.254+09:00  INFO 38619 --- [javabang] [restartedMain] o.apache.catalina.core.StandardService   : Starting service [Tomcat]
2024-08-27T09:45:22.254+09:00  INFO 38619 --- [javabang] [restartedMain] o.apache.catalina.core.StandardEngine    : Starting Servlet engine: [Apache Tomcat/10.1.28]
2024-08-27T09:45:22.258+09:00  INFO 38619 --- [javabang] [restartedMain] o.a.c.c.C.[Tomcat].[localhost].[/]       : Initializing Spring embedded WebApplicationContext
2024-08-27T09:45:22.258+09:00  INFO 38619 --- [javabang] [restartedMain] w.s.c.ServletWebServerApplicationContext : Root WebApplicationContext: initialization completed in 94 ms
2024-08-27T09:45:22.274+09:00  INFO 38619 --- [javabang] [restartedMain] o.hibernate.jpa.internal.util.LogHelper  : HHH000204: Processing PersistenceUnitInfo [name: default]
2024-08-27T09:45:22.275+09:00  INFO 38619 --- [javabang] [restartedMain] o.h.c.internal.RegionFactoryInitiator    : HHH000026: Second-level cache disabled
2024-08-27T09:45:22.277+09:00  INFO 38619 --- [javabang] [restartedMain] o.s.o.j.p.SpringPersistenceUnitInfo      : No LoadTimeWeaver setup: ignoring JPA class transformer
2024-08-27T09:45:22.277+09:00  INFO 38619 --- [javabang] [restartedMain] com.zaxxer.hikari.HikariDataSource       : HikariPool-14 - Starting...
2024-08-27T09:45:22.280+09:00  INFO 38619 --- [javabang] [restartedMain] com.zaxxer.hikari.pool.HikariPool        : HikariPool-14 - Added connection com.mysql.cj.jdbc.ConnectionImpl@5c894bc8
2024-08-27T09:45:22.280+09:00  INFO 38619 --- [javabang] [restartedMain] com.zaxxer.hikari.HikariDataSource       : HikariPool-14 - Start completed.
2024-08-27T09:45:22.280+09:00  WARN 38619 --- [javabang] [restartedMain] org.hibernate.orm.deprecation            : HHH90000025: MySQL8Dialect does not need to be specified explicitly using 'hibernate.dialect' (remove the property setting and it will be selected by default)
2024-08-27T09:45:22.280+09:00  WARN 38619 --- [javabang] [restartedMain] org.hibernate.orm.deprecation            : HHH90000026: MySQL8Dialect has been deprecated; use org.hibernate.dialect.MySQLDialect instead
2024-08-27T09:45:22.286+09:00  INFO 38619 --- [javabang] [restartedMain] o.h.e.t.j.p.i.JtaPlatformInitiator       : HHH000489: No JTA platform available (set 'hibernate.transaction.jta.platform' to enable JTA platform integration)
2024-08-27T09:45:22.286+09:00  INFO 38619 --- [javabang] [restartedMain] j.LocalContainerEntityManagerFactoryBean : Initialized JPA EntityManagerFactory for persistence unit 'default'
2024-08-27T09:45:22.295+09:00  WARN 38619 --- [javabang] [restartedMain] JpaBaseConfiguration$JpaWebConfiguration : spring.jpa.open-in-view is enabled by default. Therefore, database queries may be performed during view rendering. Explicitly configure spring.jpa.open-in-view to disable this warning
2024-08-27T09:45:22.392+09:00  INFO 38619 --- [javabang] [restartedMain] r$InitializeUserDetailsManagerConfigurer : Global AuthenticationManager configured with UserDetailsService bean with name userDetailsService
2024-08-27T09:45:22.461+09:00  INFO 38619 --- [javabang] [restartedMain] o.s.b.d.a.OptionalLiveReloadServer       : LiveReload server is running on port 35729
2024-08-27T09:45:22.467+09:00  INFO 38619 --- [javabang] [restartedMain] o.s.b.w.embedded.tomcat.TomcatWebServer  : Tomcat started on port 8080 (http) with context path '/'
2024-08-27T09:45:22.470+09:00  INFO 38619 --- [javabang] [restartedMain] c.dbjava.javabang.JavabangApplication    : Started JavabangApplication in 0.315 seconds (process running for 1200.256)
2024-08-27T09:45:22.471+09:00  INFO 38619 --- [javabang] [restartedMain] .ConditionEvaluationDeltaLoggingListener : Condition evaluation unchanged
2024-08-27T09:46:48.612+09:00  INFO 38619 --- [javabang] [File Watcher] rtingClassPathChangeChangedEventListener : Restarting due to 3 class path changes (2 additions, 0 deletions, 1 modification)
2024-08-27T09:46:48.618+09:00  INFO 38619 --- [javabang] [Thread-55] j.LocalContainerEntityManagerFactoryBean : Closing JPA EntityManagerFactory for persistence unit 'default'
2024-08-27T09:46:48.618+09:00  INFO 38619 --- [javabang] [Thread-55] com.zaxxer.hikari.HikariDataSource       : HikariPool-14 - Shutdown initiated...
2024-08-27T09:46:48.619+09:00  INFO 38619 --- [javabang] [Thread-55] com.zaxxer.hikari.HikariDataSource       : HikariPool-14 - Shutdown completed.
2024-08-27T09:46:48.656+09:00  INFO 38619 --- [javabang] [restartedMain] c.dbjava.javabang.JavabangApplication    : Starting JavabangApplication using Java 17.0.12 with PID 38619 (/Users/jaewon/study/fullstack/javabang/build/classes/java/main started by jaewon in /Users/jaewon/study/fullstack/javabang)
2024-08-27T09:46:48.657+09:00 DEBUG 38619 --- [javabang] [restartedMain] c.dbjava.javabang.JavabangApplication    : Running with Spring Boot v3.3.3, Spring v6.1.12
2024-08-27T09:46:48.657+09:00  INFO 38619 --- [javabang] [restartedMain] c.dbjava.javabang.JavabangApplication    : No active profile set, falling back to 1 default profile: "default"
2024-08-27T09:46:48.704+09:00  INFO 38619 --- [javabang] [restartedMain] .s.d.r.c.RepositoryConfigurationDelegate : Bootstrapping Spring Data JPA repositories in DEFAULT mode.
2024-08-27T09:46:48.704+09:00  INFO 38619 --- [javabang] [restartedMain] .s.d.r.c.RepositoryConfigurationDelegate : Finished Spring Data repository scanning in 0 ms. Found 0 JPA repository interfaces.
2024-08-27T09:46:48.740+09:00  INFO 38619 --- [javabang] [restartedMain] o.s.b.w.embedded.tomcat.TomcatWebServer  : Tomcat initialized with port 8080 (http)
2024-08-27T09:46:48.740+09:00  INFO 38619 --- [javabang] [restartedMain] o.apache.catalina.core.StandardService   : Starting service [Tomcat]
2024-08-27T09:46:48.741+09:00  INFO 38619 --- [javabang] [restartedMain] o.apache.catalina.core.StandardEngine    : Starting Servlet engine: [Apache Tomcat/10.1.28]
2024-08-27T09:46:48.744+09:00  INFO 38619 --- [javabang] [restartedMain] o.a.c.c.C.[Tomcat].[localhost].[/]       : Initializing Spring embedded WebApplicationContext
2024-08-27T09:46:48.744+09:00  INFO 38619 --- [javabang] [restartedMain] w.s.c.ServletWebServerApplicationContext : Root WebApplicationContext: initialization completed in 87 ms
2024-08-27T09:46:48.760+09:00  INFO 38619 --- [javabang] [restartedMain] o.hibernate.jpa.internal.util.LogHelper  : HHH000204: Processing PersistenceUnitInfo [name: default]
2024-08-27T09:46:48.761+09:00  INFO 38619 --- [javabang] [restartedMain] o.h.c.internal.RegionFactoryInitiator    : HHH000026: Second-level cache disabled
2024-08-27T09:46:48.764+09:00  INFO 38619 --- [javabang] [restartedMain] o.s.o.j.p.SpringPersistenceUnitInfo      : No LoadTimeWeaver setup: ignoring JPA class transformer
2024-08-27T09:46:48.764+09:00  INFO 38619 --- [javabang] [restartedMain] com.zaxxer.hikari.HikariDataSource       : HikariPool-15 - Starting...
2024-08-27T09:46:48.767+09:00  INFO 38619 --- [javabang] [restartedMain] com.zaxxer.hikari.pool.HikariPool        : HikariPool-15 - Added connection com.mysql.cj.jdbc.ConnectionImpl@3a9870a2
2024-08-27T09:46:48.768+09:00  INFO 38619 --- [javabang] [restartedMain] com.zaxxer.hikari.HikariDataSource       : HikariPool-15 - Start completed.
2024-08-27T09:46:48.768+09:00  WARN 38619 --- [javabang] [restartedMain] org.hibernate.orm.deprecation            : HHH90000025: MySQL8Dialect does not need to be specified explicitly using 'hibernate.dialect' (remove the property setting and it will be selected by default)
2024-08-27T09:46:48.768+09:00  WARN 38619 --- [javabang] [restartedMain] org.hibernate.orm.deprecation            : HHH90000026: MySQL8Dialect has been deprecated; use org.hibernate.dialect.MySQLDialect instead
2024-08-27T09:46:48.773+09:00  INFO 38619 --- [javabang] [restartedMain] o.h.e.t.j.p.i.JtaPlatformInitiator       : HHH000489: No JTA platform available (set 'hibernate.transaction.jta.platform' to enable JTA platform integration)
2024-08-27T09:46:48.773+09:00  INFO 38619 --- [javabang] [restartedMain] j.LocalContainerEntityManagerFactoryBean : Initialized JPA EntityManagerFactory for persistence unit 'default'
2024-08-27T09:46:48.781+09:00  WARN 38619 --- [javabang] [restartedMain] JpaBaseConfiguration$JpaWebConfiguration : spring.jpa.open-in-view is enabled by default. Therefore, database queries may be performed during view rendering. Explicitly configure spring.jpa.open-in-view to disable this warning
2024-08-27T09:46:48.876+09:00  INFO 38619 --- [javabang] [restartedMain] r$InitializeUserDetailsManagerConfigurer : Global AuthenticationManager configured with UserDetailsService bean with name userDetailsService
2024-08-27T09:46:48.881+09:00  INFO 38619 --- [javabang] [restartedMain] o.s.b.a.w.s.WelcomePageHandlerMapping    : Adding welcome page template: index
2024-08-27T09:46:48.940+09:00  INFO 38619 --- [javabang] [restartedMain] o.s.b.d.a.OptionalLiveReloadServer       : LiveReload server is running on port 35729
2024-08-27T09:46:48.946+09:00  INFO 38619 --- [javabang] [restartedMain] o.s.b.w.embedded.tomcat.TomcatWebServer  : Tomcat started on port 8080 (http) with context path '/'
2024-08-27T09:46:48.948+09:00  INFO 38619 --- [javabang] [restartedMain] c.dbjava.javabang.JavabangApplication    : Started JavabangApplication in 0.299 seconds (process running for 1286.734)
2024-08-27T09:46:48.948+09:00  INFO 38619 --- [javabang] [restartedMain] .ConditionEvaluationDeltaLoggingListener : Condition evaluation unchanged
2024-08-27T09:50:38.288+09:00  INFO 38619 --- [javabang] [File Watcher] rtingClassPathChangeChangedEventListener : Restarting due to 5 class path changes (2 additions, 0 deletions, 3 modifications)
2024-08-27T09:50:38.291+09:00  INFO 38619 --- [javabang] [Thread-59] j.LocalContainerEntityManagerFactoryBean : Closing JPA EntityManagerFactory for persistence unit 'default'
2024-08-27T09:50:38.291+09:00  INFO 38619 --- [javabang] [Thread-59] com.zaxxer.hikari.HikariDataSource       : HikariPool-15 - Shutdown initiated...
2024-08-27T09:50:38.292+09:00  INFO 38619 --- [javabang] [Thread-59] com.zaxxer.hikari.HikariDataSource       : HikariPool-15 - Shutdown completed.
2024-08-27T09:50:38.328+09:00  INFO 38619 --- [javabang] [restartedMain] c.dbjava.javabang.JavabangApplication    : Starting JavabangApplication using Java 17.0.12 with PID 38619 (/Users/jaewon/study/fullstack/javabang/build/classes/java/main started by jaewon in /Users/jaewon/study/fullstack/javabang)
2024-08-27T09:50:38.328+09:00 DEBUG 38619 --- [javabang] [restartedMain] c.dbjava.javabang.JavabangApplication    : Running with Spring Boot v3.3.3, Spring v6.1.12
2024-08-27T09:50:38.328+09:00  INFO 38619 --- [javabang] [restartedMain] c.dbjava.javabang.JavabangApplication    : No active profile set, falling back to 1 default profile: "default"
2024-08-27T09:50:38.383+09:00  INFO 38619 --- [javabang] [restartedMain] .s.d.r.c.RepositoryConfigurationDelegate : Bootstrapping Spring Data JPA repositories in DEFAULT mode.
2024-08-27T09:50:38.384+09:00  INFO 38619 --- [javabang] [restartedMain] .s.d.r.c.RepositoryConfigurationDelegate : Finished Spring Data repository scanning in 0 ms. Found 0 JPA repository interfaces.
2024-08-27T09:50:38.435+09:00  INFO 38619 --- [javabang] [restartedMain] o.s.b.w.embedded.tomcat.TomcatWebServer  : Tomcat initialized with port 8080 (http)
2024-08-27T09:50:38.436+09:00  INFO 38619 --- [javabang] [restartedMain] o.apache.catalina.core.StandardService   : Starting service [Tomcat]
2024-08-27T09:50:38.436+09:00  INFO 38619 --- [javabang] [restartedMain] o.apache.catalina.core.StandardEngine    : Starting Servlet engine: [Apache Tomcat/10.1.28]
2024-08-27T09:50:38.440+09:00  INFO 38619 --- [javabang] [restartedMain] o.a.c.c.C.[Tomcat].[localhost].[/]       : Initializing Spring embedded WebApplicationContext
2024-08-27T09:50:38.440+09:00  INFO 38619 --- [javabang] [restartedMain] w.s.c.ServletWebServerApplicationContext : Root WebApplicationContext: initialization completed in 111 ms
2024-08-27T09:50:38.460+09:00  INFO 38619 --- [javabang] [restartedMain] o.hibernate.jpa.internal.util.LogHelper  : HHH000204: Processing PersistenceUnitInfo [name: default]
2024-08-27T09:50:38.460+09:00  INFO 38619 --- [javabang] [restartedMain] o.h.c.internal.RegionFactoryInitiator    : HHH000026: Second-level cache disabled
2024-08-27T09:50:38.463+09:00  INFO 38619 --- [javabang] [restartedMain] o.s.o.j.p.SpringPersistenceUnitInfo      : No LoadTimeWeaver setup: ignoring JPA class transformer
2024-08-27T09:50:38.464+09:00  INFO 38619 --- [javabang] [restartedMain] com.zaxxer.hikari.HikariDataSource       : HikariPool-16 - Starting...
2024-08-27T09:50:38.467+09:00  INFO 38619 --- [javabang] [restartedMain] com.zaxxer.hikari.pool.HikariPool        : HikariPool-16 - Added connection com.mysql.cj.jdbc.ConnectionImpl@4bf22b99
2024-08-27T09:50:38.468+09:00  INFO 38619 --- [javabang] [restartedMain] com.zaxxer.hikari.HikariDataSource       : HikariPool-16 - Start completed.
2024-08-27T09:50:38.468+09:00  WARN 38619 --- [javabang] [restartedMain] org.hibernate.orm.deprecation            : HHH90000025: MySQL8Dialect does not need to be specified explicitly using 'hibernate.dialect' (remove the property setting and it will be selected by default)
2024-08-27T09:50:38.468+09:00  WARN 38619 --- [javabang] [restartedMain] org.hibernate.orm.deprecation            : HHH90000026: MySQL8Dialect has been deprecated; use org.hibernate.dialect.MySQLDialect instead
2024-08-27T09:50:38.474+09:00  INFO 38619 --- [javabang] [restartedMain] o.h.e.t.j.p.i.JtaPlatformInitiator       : HHH000489: No JTA platform available (set 'hibernate.transaction.jta.platform' to enable JTA platform integration)
2024-08-27T09:50:38.474+09:00  INFO 38619 --- [javabang] [restartedMain] j.LocalContainerEntityManagerFactoryBean : Initialized JPA EntityManagerFactory for persistence unit 'default'
2024-08-27T09:50:38.485+09:00  WARN 38619 --- [javabang] [restartedMain] JpaBaseConfiguration$JpaWebConfiguration : spring.jpa.open-in-view is enabled by default. Therefore, database queries may be performed during view rendering. Explicitly configure spring.jpa.open-in-view to disable this warning
2024-08-27T09:50:38.586+09:00  INFO 38619 --- [javabang] [restartedMain] r$InitializeUserDetailsManagerConfigurer : Global AuthenticationManager configured with UserDetailsService bean with name userDetailsService
2024-08-27T09:50:38.590+09:00  INFO 38619 --- [javabang] [restartedMain] o.s.b.a.w.s.WelcomePageHandlerMapping    : Adding welcome page template: index
2024-08-27T09:50:38.676+09:00  INFO 38619 --- [javabang] [restartedMain] o.s.b.d.a.OptionalLiveReloadServer       : LiveReload server is running on port 35729
2024-08-27T09:50:38.684+09:00  INFO 38619 --- [javabang] [restartedMain] o.s.b.w.embedded.tomcat.TomcatWebServer  : Tomcat started on port 8080 (http) with context path '/'
2024-08-27T09:50:38.686+09:00  INFO 38619 --- [javabang] [restartedMain] c.dbjava.javabang.JavabangApplication    : Started JavabangApplication in 0.367 seconds (process running for 1516.473)
2024-08-27T09:50:38.687+09:00  INFO 38619 --- [javabang] [restartedMain] .ConditionEvaluationDeltaLoggingListener : Condition evaluation unchanged
2024-08-27T09:53:43.768+09:00  INFO 38619 --- [javabang] [File Watcher] rtingClassPathChangeChangedEventListener : Restarting due to 6 class path changes (1 addition, 0 deletions, 5 modifications)
2024-08-27T09:53:43.771+09:00  INFO 38619 --- [javabang] [Thread-63] j.LocalContainerEntityManagerFactoryBean : Closing JPA EntityManagerFactory for persistence unit 'default'
2024-08-27T09:53:43.772+09:00  INFO 38619 --- [javabang] [Thread-63] com.zaxxer.hikari.HikariDataSource       : HikariPool-16 - Shutdown initiated...
2024-08-27T09:53:43.772+09:00  INFO 38619 --- [javabang] [Thread-63] com.zaxxer.hikari.HikariDataSource       : HikariPool-16 - Shutdown completed.
2024-08-27T09:53:43.808+09:00  INFO 38619 --- [javabang] [restartedMain] c.dbjava.javabang.JavabangApplication    : Starting JavabangApplication using Java 17.0.12 with PID 38619 (/Users/jaewon/study/fullstack/javabang/build/classes/java/main started by jaewon in /Users/jaewon/study/fullstack/javabang)
2024-08-27T09:53:43.808+09:00 DEBUG 38619 --- [javabang] [restartedMain] c.dbjava.javabang.JavabangApplication    : Running with Spring Boot v3.3.3, Spring v6.1.12
2024-08-27T09:53:43.808+09:00  INFO 38619 --- [javabang] [restartedMain] c.dbjava.javabang.JavabangApplication    : No active profile set, falling back to 1 default profile: "default"
2024-08-27T09:53:43.859+09:00  INFO 38619 --- [javabang] [restartedMain] .s.d.r.c.RepositoryConfigurationDelegate : Bootstrapping Spring Data JPA repositories in DEFAULT mode.
2024-08-27T09:53:43.860+09:00  INFO 38619 --- [javabang] [restartedMain] .s.d.r.c.RepositoryConfigurationDelegate : Finished Spring Data repository scanning in 0 ms. Found 0 JPA repository interfaces.
2024-08-27T09:53:43.900+09:00  INFO 38619 --- [javabang] [restartedMain] o.s.b.w.embedded.tomcat.TomcatWebServer  : Tomcat initialized with port 8080 (http)
2024-08-27T09:53:43.900+09:00  INFO 38619 --- [javabang] [restartedMain] o.apache.catalina.core.StandardService   : Starting service [Tomcat]
2024-08-27T09:53:43.900+09:00  INFO 38619 --- [javabang] [restartedMain] o.apache.catalina.core.StandardEngine    : Starting Servlet engine: [Apache Tomcat/10.1.28]
2024-08-27T09:53:43.904+09:00  INFO 38619 --- [javabang] [restartedMain] o.a.c.c.C.[Tomcat].[localhost].[/]       : Initializing Spring embedded WebApplicationContext
2024-08-27T09:53:43.904+09:00  INFO 38619 --- [javabang] [restartedMain] w.s.c.ServletWebServerApplicationContext : Root WebApplicationContext: initialization completed in 95 ms
2024-08-27T09:53:43.923+09:00  INFO 38619 --- [javabang] [restartedMain] o.hibernate.jpa.internal.util.LogHelper  : HHH000204: Processing PersistenceUnitInfo [name: default]
2024-08-27T09:53:43.924+09:00  INFO 38619 --- [javabang] [restartedMain] o.h.c.internal.RegionFactoryInitiator    : HHH000026: Second-level cache disabled
2024-08-27T09:53:43.927+09:00  INFO 38619 --- [javabang] [restartedMain] o.s.o.j.p.SpringPersistenceUnitInfo      : No LoadTimeWeaver setup: ignoring JPA class transformer
2024-08-27T09:53:43.927+09:00  INFO 38619 --- [javabang] [restartedMain] com.zaxxer.hikari.HikariDataSource       : HikariPool-17 - Starting...
2024-08-27T09:53:43.933+09:00  INFO 38619 --- [javabang] [restartedMain] com.zaxxer.hikari.pool.HikariPool        : HikariPool-17 - Added connection com.mysql.cj.jdbc.ConnectionImpl@1188ad3
2024-08-27T09:53:43.933+09:00  INFO 38619 --- [javabang] [restartedMain] com.zaxxer.hikari.HikariDataSource       : HikariPool-17 - Start completed.
2024-08-27T09:53:43.934+09:00  WARN 38619 --- [javabang] [restartedMain] org.hibernate.orm.deprecation            : HHH90000025: MySQL8Dialect does not need to be specified explicitly using 'hibernate.dialect' (remove the property setting and it will be selected by default)
2024-08-27T09:53:43.934+09:00  WARN 38619 --- [javabang] [restartedMain] org.hibernate.orm.deprecation            : HHH90000026: MySQL8Dialect has been deprecated; use org.hibernate.dialect.MySQLDialect instead
2024-08-27T09:53:43.939+09:00  INFO 38619 --- [javabang] [restartedMain] o.h.e.t.j.p.i.JtaPlatformInitiator       : HHH000489: No JTA platform available (set 'hibernate.transaction.jta.platform' to enable JTA platform integration)
2024-08-27T09:53:43.940+09:00  INFO 38619 --- [javabang] [restartedMain] j.LocalContainerEntityManagerFactoryBean : Initialized JPA EntityManagerFactory for persistence unit 'default'
2024-08-27T09:53:43.948+09:00  WARN 38619 --- [javabang] [restartedMain] JpaBaseConfiguration$JpaWebConfiguration : spring.jpa.open-in-view is enabled by default. Therefore, database queries may be performed during view rendering. Explicitly configure spring.jpa.open-in-view to disable this warning
2024-08-27T09:53:44.046+09:00  INFO 38619 --- [javabang] [restartedMain] r$InitializeUserDetailsManagerConfigurer : Global AuthenticationManager configured with UserDetailsService bean with name userDetailsService
2024-08-27T09:53:44.052+09:00  INFO 38619 --- [javabang] [restartedMain] o.s.b.a.w.s.WelcomePageHandlerMapping    : Adding welcome page template: index
2024-08-27T09:53:44.118+09:00  INFO 38619 --- [javabang] [restartedMain] o.s.b.d.a.OptionalLiveReloadServer       : LiveReload server is running on port 35729
2024-08-27T09:53:44.124+09:00  INFO 38619 --- [javabang] [restartedMain] o.s.b.w.embedded.tomcat.TomcatWebServer  : Tomcat started on port 8080 (http) with context path '/'
2024-08-27T09:53:44.126+09:00  INFO 38619 --- [javabang] [restartedMain] c.dbjava.javabang.JavabangApplication    : Started JavabangApplication in 0.326 seconds (process running for 1701.907)
2024-08-27T09:53:44.127+09:00  INFO 38619 --- [javabang] [restartedMain] .ConditionEvaluationDeltaLoggingListener : Condition evaluation delta:


==========================
CONDITION EVALUATION DELTA
==========================


Positive matches:
-----------------

    None


Negative matches:
-----------------

   ErrorMvcAutoConfiguration.WhitelabelErrorViewConfiguration:
      Did not match:
         - ErrorTemplate Missing found template from org.springframework.boot.autoconfigure.thymeleaf.ThymeleafTemplateAvailabilityProvider@1e3f8f5a (ErrorMvcAutoConfiguration.ErrorTemplateMissingCondition)
      Matched:
         - @ConditionalOnProperty (server.error.whitelabel.enabled) matched (OnPropertyCondition)


Exclusions:
-----------

    None


Unconditional classes:
----------------------

    None



2024-08-27T09:55:09.245+09:00  INFO 38619 --- [javabang] [File Watcher] rtingClassPathChangeChangedEventListener : Restarting due to 6 class path changes (0 additions, 0 deletions, 6 modifications)
2024-08-27T09:55:09.250+09:00  INFO 38619 --- [javabang] [Thread-67] j.LocalContainerEntityManagerFactoryBean : Closing JPA EntityManagerFactory for persistence unit 'default'
2024-08-27T09:55:09.250+09:00  INFO 38619 --- [javabang] [Thread-67] com.zaxxer.hikari.HikariDataSource       : HikariPool-17 - Shutdown initiated...
2024-08-27T09:55:09.251+09:00  INFO 38619 --- [javabang] [Thread-67] com.zaxxer.hikari.HikariDataSource       : HikariPool-17 - Shutdown completed.
2024-08-27T09:55:09.297+09:00  INFO 38619 --- [javabang] [restartedMain] c.dbjava.javabang.JavabangApplication    : Starting JavabangApplication using Java 17.0.12 with PID 38619 (/Users/jaewon/study/fullstack/javabang/build/classes/java/main started by jaewon in /Users/jaewon/study/fullstack/javabang)
2024-08-27T09:55:09.297+09:00 DEBUG 38619 --- [javabang] [restartedMain] c.dbjava.javabang.JavabangApplication    : Running with Spring Boot v3.3.3, Spring v6.1.12
2024-08-27T09:55:09.297+09:00  INFO 38619 --- [javabang] [restartedMain] c.dbjava.javabang.JavabangApplication    : No active profile set, falling back to 1 default profile: "default"
2024-08-27T09:55:09.345+09:00  INFO 38619 --- [javabang] [restartedMain] .s.d.r.c.RepositoryConfigurationDelegate : Bootstrapping Spring Data JPA repositories in DEFAULT mode.
2024-08-27T09:55:09.346+09:00  INFO 38619 --- [javabang] [restartedMain] .s.d.r.c.RepositoryConfigurationDelegate : Finished Spring Data repository scanning in 0 ms. Found 0 JPA repository interfaces.
2024-08-27T09:55:09.381+09:00  INFO 38619 --- [javabang] [restartedMain] o.s.b.w.embedded.tomcat.TomcatWebServer  : Tomcat initialized with port 8080 (http)
2024-08-27T09:55:09.382+09:00  INFO 38619 --- [javabang] [restartedMain] o.apache.catalina.core.StandardService   : Starting service [Tomcat]
2024-08-27T09:55:09.382+09:00  INFO 38619 --- [javabang] [restartedMain] o.apache.catalina.core.StandardEngine    : Starting Servlet engine: [Apache Tomcat/10.1.28]
2024-08-27T09:55:09.386+09:00  INFO 38619 --- [javabang] [restartedMain] o.a.c.c.C.[Tomcat].[localhost].[/]       : Initializing Spring embedded WebApplicationContext
2024-08-27T09:55:09.386+09:00  INFO 38619 --- [javabang] [restartedMain] w.s.c.ServletWebServerApplicationContext : Root WebApplicationContext: initialization completed in 88 ms
2024-08-27T09:55:09.402+09:00  INFO 38619 --- [javabang] [restartedMain] o.hibernate.jpa.internal.util.LogHelper  : HHH000204: Processing PersistenceUnitInfo [name: default]
2024-08-27T09:55:09.402+09:00  INFO 38619 --- [javabang] [restartedMain] o.h.c.internal.RegionFactoryInitiator    : HHH000026: Second-level cache disabled
2024-08-27T09:55:09.405+09:00  INFO 38619 --- [javabang] [restartedMain] o.s.o.j.p.SpringPersistenceUnitInfo      : No LoadTimeWeaver setup: ignoring JPA class transformer
2024-08-27T09:55:09.405+09:00  INFO 38619 --- [javabang] [restartedMain] com.zaxxer.hikari.HikariDataSource       : HikariPool-18 - Starting...
2024-08-27T09:55:09.412+09:00  INFO 38619 --- [javabang] [restartedMain] com.zaxxer.hikari.pool.HikariPool        : HikariPool-18 - Added connection com.mysql.cj.jdbc.ConnectionImpl@147c8d47
2024-08-27T09:55:09.412+09:00  INFO 38619 --- [javabang] [restartedMain] com.zaxxer.hikari.HikariDataSource       : HikariPool-18 - Start completed.
2024-08-27T09:55:09.412+09:00  WARN 38619 --- [javabang] [restartedMain] org.hibernate.orm.deprecation            : HHH90000025: MySQL8Dialect does not need to be specified explicitly using 'hibernate.dialect' (remove the property setting and it will be selected by default)
2024-08-27T09:55:09.412+09:00  WARN 38619 --- [javabang] [restartedMain] org.hibernate.orm.deprecation            : HHH90000026: MySQL8Dialect has been deprecated; use org.hibernate.dialect.MySQLDialect instead
2024-08-27T09:55:09.417+09:00  INFO 38619 --- [javabang] [restartedMain] o.h.e.t.j.p.i.JtaPlatformInitiator       : HHH000489: No JTA platform available (set 'hibernate.transaction.jta.platform' to enable JTA platform integration)
2024-08-27T09:55:09.417+09:00  INFO 38619 --- [javabang] [restartedMain] j.LocalContainerEntityManagerFactoryBean : Initialized JPA EntityManagerFactory for persistence unit 'default'
2024-08-27T09:55:09.425+09:00  WARN 38619 --- [javabang] [restartedMain] JpaBaseConfiguration$JpaWebConfiguration : spring.jpa.open-in-view is enabled by default. Therefore, database queries may be performed during view rendering. Explicitly configure spring.jpa.open-in-view to disable this warning
2024-08-27T09:55:09.521+09:00  INFO 38619 --- [javabang] [restartedMain] r$InitializeUserDetailsManagerConfigurer : Global AuthenticationManager configured with UserDetailsService bean with name userDetailsService
2024-08-27T09:55:09.526+09:00  INFO 38619 --- [javabang] [restartedMain] o.s.b.a.w.s.WelcomePageHandlerMapping    : Adding welcome page template: index
2024-08-27T09:55:09.587+09:00  INFO 38619 --- [javabang] [restartedMain] o.s.b.d.a.OptionalLiveReloadServer       : LiveReload server is running on port 35729
2024-08-27T09:55:09.593+09:00  INFO 38619 --- [javabang] [restartedMain] o.s.b.w.embedded.tomcat.TomcatWebServer  : Tomcat started on port 8080 (http) with context path '/'
2024-08-27T09:55:09.595+09:00  INFO 38619 --- [javabang] [restartedMain] c.dbjava.javabang.JavabangApplication    : Started JavabangApplication in 0.306 seconds (process running for 1787.376)
2024-08-27T09:55:09.596+09:00  INFO 38619 --- [javabang] [restartedMain] .ConditionEvaluationDeltaLoggingListener : Condition evaluation unchanged
2024-08-27T10:42:20.866+09:00  INFO 38619 --- [javabang] [restartedMain] c.dbjava.javabang.JavabangApplication    : Starting JavabangApplication using Java 17.0.12 with PID 38619 (/Users/jaewon/study/fullstack/javabang/build/classes/java/main started by jaewon in /Users/jaewon/study/fullstack/javabang)
2024-08-27T10:42:20.868+09:00 DEBUG 38619 --- [javabang] [restartedMain] c.dbjava.javabang.JavabangApplication    : Running with Spring Boot v3.3.3, Spring v6.1.12
2024-08-27T10:42:20.869+09:00  INFO 38619 --- [javabang] [restartedMain] c.dbjava.javabang.JavabangApplication    : No active profile set, falling back to 1 default profile: "default"
2024-08-27T10:42:20.919+09:00  INFO 38619 --- [javabang] [restartedMain] .s.d.r.c.RepositoryConfigurationDelegate : Bootstrapping Spring Data JPA repositories in DEFAULT mode.
2024-08-27T10:42:20.920+09:00  INFO 38619 --- [javabang] [restartedMain] .s.d.r.c.RepositoryConfigurationDelegate : Finished Spring Data repository scanning in 0 ms. Found 0 JPA repository interfaces.
2024-08-27T10:42:20.968+09:00  INFO 38619 --- [javabang] [restartedMain] o.s.b.w.embedded.tomcat.TomcatWebServer  : Tomcat initialized with port 8080 (http)
2024-08-27T10:42:20.968+09:00  INFO 38619 --- [javabang] [restartedMain] o.apache.catalina.core.StandardService   : Starting service [Tomcat]
2024-08-27T10:42:20.968+09:00  INFO 38619 --- [javabang] [restartedMain] o.apache.catalina.core.StandardEngine    : Starting Servlet engine: [Apache Tomcat/10.1.28]
2024-08-27T10:42:20.972+09:00  INFO 38619 --- [javabang] [restartedMain] o.a.c.c.C.[Tomcat].[localhost].[/]       : Initializing Spring embedded WebApplicationContext
2024-08-27T10:42:20.972+09:00  INFO 38619 --- [javabang] [restartedMain] w.s.c.ServletWebServerApplicationContext : Root WebApplicationContext: initialization completed in 103 ms
2024-08-27T10:42:20.989+09:00  INFO 38619 --- [javabang] [restartedMain] o.hibernate.jpa.internal.util.LogHelper  : HHH000204: Processing PersistenceUnitInfo [name: default]
2024-08-27T10:42:20.990+09:00  INFO 38619 --- [javabang] [restartedMain] o.h.c.internal.RegionFactoryInitiator    : HHH000026: Second-level cache disabled
2024-08-27T10:42:20.992+09:00  INFO 38619 --- [javabang] [restartedMain] o.s.o.j.p.SpringPersistenceUnitInfo      : No LoadTimeWeaver setup: ignoring JPA class transformer
2024-08-27T10:42:20.993+09:00  INFO 38619 --- [javabang] [restartedMain] com.zaxxer.hikari.HikariDataSource       : HikariPool-19 - Starting...
2024-08-27T10:42:20.996+09:00  INFO 38619 --- [javabang] [restartedMain] com.zaxxer.hikari.pool.HikariPool        : HikariPool-19 - Added connection com.mysql.cj.jdbc.ConnectionImpl@59c6a297
2024-08-27T10:42:20.996+09:00  INFO 38619 --- [javabang] [restartedMain] com.zaxxer.hikari.HikariDataSource       : HikariPool-19 - Start completed.
2024-08-27T10:42:20.996+09:00  WARN 38619 --- [javabang] [restartedMain] org.hibernate.orm.deprecation            : HHH90000025: MySQL8Dialect does not need to be specified explicitly using 'hibernate.dialect' (remove the property setting and it will be selected by default)
2024-08-27T10:42:20.996+09:00  WARN 38619 --- [javabang] [restartedMain] org.hibernate.orm.deprecation            : HHH90000026: MySQL8Dialect has been deprecated; use org.hibernate.dialect.MySQLDialect instead
2024-08-27T10:42:21.002+09:00  INFO 38619 --- [javabang] [restartedMain] o.h.e.t.j.p.i.JtaPlatformInitiator       : HHH000489: No JTA platform available (set 'hibernate.transaction.jta.platform' to enable JTA platform integration)
2024-08-27T10:42:21.002+09:00  INFO 38619 --- [javabang] [restartedMain] j.LocalContainerEntityManagerFactoryBean : Initialized JPA EntityManagerFactory for persistence unit 'default'
2024-08-27T10:42:21.011+09:00  WARN 38619 --- [javabang] [restartedMain] JpaBaseConfiguration$JpaWebConfiguration : spring.jpa.open-in-view is enabled by default. Therefore, database queries may be performed during view rendering. Explicitly configure spring.jpa.open-in-view to disable this warning
2024-08-27T10:42:21.108+09:00  INFO 38619 --- [javabang] [restartedMain] r$InitializeUserDetailsManagerConfigurer : Global AuthenticationManager configured with UserDetailsService bean with name userDetailsService
2024-08-27T10:42:21.113+09:00  INFO 38619 --- [javabang] [restartedMain] o.s.b.a.w.s.WelcomePageHandlerMapping    : Adding welcome page template: index
2024-08-27T10:42:21.180+09:00  INFO 38619 --- [javabang] [restartedMain] o.s.b.d.a.OptionalLiveReloadServer       : LiveReload server is running on port 35729
2024-08-27T10:42:21.186+09:00  INFO 38619 --- [javabang] [restartedMain] o.s.b.w.embedded.tomcat.TomcatWebServer  : Tomcat started on port 8080 (http) with context path '/'
2024-08-27T10:42:21.189+09:00  INFO 38619 --- [javabang] [restartedMain] c.dbjava.javabang.JavabangApplication    : Started JavabangApplication in 0.337 seconds (process running for 4618.969)
2024-08-27T10:42:21.189+09:00  INFO 38619 --- [javabang] [restartedMain] .ConditionEvaluationDeltaLoggingListener : Condition evaluation unchanged
